<?xml version="1.0" encoding="UTF-8"?>
<testng-results ignored="0" total="3" passed="3" failed="0" skipped="0">
  <reporter-output>
  </reporter-output>
  <suite started-at="2024-02-22T13:25:01 IST" name="Suite" finished-at="2024-02-22T13:25:43 IST" duration-ms="42651">
    <groups>
    </groups>
    <test started-at="2024-02-22T13:25:01 IST" name="Test" finished-at="2024-02-22T13:25:43 IST" duration-ms="42651">
      <class name="TestClass.Amazon">
        <test-method is-config="true" signature="setup()[pri:0, instance:TestClass.Amazon@49ec71f8]" started-at="2024-02-22T13:25:01 IST" name="setup" finished-at="2024-02-22T13:25:06 IST" duration-ms="4812" status="PASS">
          <reporter-output>
          </reporter-output>
        </test-method> <!-- setup -->
        <test-method signature="verifyLogo()[pri:1, instance:TestClass.Amazon@49ec71f8]" started-at="2024-02-22T13:25:06 IST" name="verifyLogo" finished-at="2024-02-22T13:25:10 IST" duration-ms="4780" status="PASS">
          <reporter-output>
          </reporter-output>
        </test-method> <!-- verifyLogo -->
        <test-method is-config="true" signature="teardown()[pri:0, instance:TestClass.Amazon@49ec71f8]" started-at="2024-02-22T13:25:10 IST" name="teardown" finished-at="2024-02-22T13:25:11 IST" duration-ms="512" status="PASS">
          <reporter-output>
          </reporter-output>
        </test-method> <!-- teardown -->
        <test-method is-config="true" signature="setup()[pri:0, instance:TestClass.Amazon@49ec71f8]" started-at="2024-02-22T13:25:11 IST" name="setup" finished-at="2024-02-22T13:25:24 IST" duration-ms="13327" status="PASS">
          <reporter-output>
          </reporter-output>
        </test-method> <!-- setup -->
        <test-method signature="search()[pri:2, instance:TestClass.Amazon@49ec71f8]" started-at="2024-02-22T13:25:24 IST" name="search" finished-at="2024-02-22T13:25:34 IST" duration-ms="9404" status="PASS">
          <reporter-output>
          </reporter-output>
        </test-method> <!-- search -->
        <test-method is-config="true" signature="teardown()[pri:0, instance:TestClass.Amazon@49ec71f8]" started-at="2024-02-22T13:25:34 IST" name="teardown" finished-at="2024-02-22T13:25:34 IST" duration-ms="688" status="PASS">
          <reporter-output>
          </reporter-output>
        </test-method> <!-- teardown -->
        <test-method is-config="true" signature="setup()[pri:0, instance:TestClass.Amazon@49ec71f8]" started-at="2024-02-22T13:25:34 IST" name="setup" finished-at="2024-02-22T13:25:43 IST" duration-ms="8686" status="PASS">
          <reporter-output>
          </reporter-output>
        </test-method> <!-- setup -->
        <test-method signature="test()[pri:3, instance:TestClass.Amazon@49ec71f8]" started-at="2024-02-22T13:25:43 IST" name="test" finished-at="2024-02-22T13:25:43 IST" duration-ms="2" status="PASS">
          <reporter-output>
          </reporter-output>
        </test-method> <!-- test -->
        <test-method is-config="true" signature="teardown()[pri:0, instance:TestClass.Amazon@49ec71f8]" started-at="2024-02-22T13:25:43 IST" name="teardown" finished-at="2024-02-22T13:25:43 IST" duration-ms="351" status="PASS">
          <reporter-output>
          </reporter-output>
        </test-method> <!-- teardown -->
      </class> <!-- TestClass.Amazon -->
    </test> <!-- Test -->
  </suite> <!-- Suite -->
</testng-results>
